2020-10-16 15:32:57.729  INFO 3976 --- [main] c.h.a.c.CustomScannersServiceApplication : Starting CustomScannersServiceApplication on parrot with PID 3976 (/home/nabawi/.vscode/extensions/hcltechnologies.hclappscancodesweep-1.1.1/lib/custom-scanners-service-1.0.8.jar started by nabawi in /home/nabawi/Desktop/inspirational-quotes/data)
2020-10-16 15:32:57.746  INFO 3976 --- [main] c.h.a.c.CustomScannersServiceApplication : No active profile set, falling back to default profiles: default
2020-10-16 15:33:06.043  INFO 3976 --- [main] o.s.b.w.embedded.tomcat.TomcatWebServer  : Tomcat initialized with port(s): 9221 (http)
2020-10-16 15:33:06.155  INFO 3976 --- [main] o.apache.catalina.core.StandardService   : Starting service [Tomcat]
2020-10-16 15:33:06.156  INFO 3976 --- [main] org.apache.catalina.core.StandardEngine  : Starting Servlet engine: [Apache Tomcat/9.0.29]
2020-10-16 15:33:06.364  INFO 3976 --- [main] o.a.c.c.C.[Tomcat].[localhost].[/]       : Initializing Spring embedded WebApplicationContext
2020-10-16 15:33:06.365 DEBUG 3976 --- [main] o.s.web.context.ContextLoader            : Published root WebApplicationContext as ServletContext attribute with name [org.springframework.web.context.WebApplicationContext.ROOT]
2020-10-16 15:33:06.366  INFO 3976 --- [main] o.s.web.context.ContextLoader            : Root WebApplicationContext: initialization completed in 8257 ms
2020-10-16 15:33:06.795 DEBUG 3976 --- [main] o.s.b.w.s.ServletContextInitializerBeans : Mapping filters: filterRegistrationBean urls=[/*] order=-2147483647, characterEncodingFilter urls=[/*] order=-2147483648, formContentFilter urls=[/*] order=-9900, requestContextFilter urls=[/*] order=-105
2020-10-16 15:33:06.796 DEBUG 3976 --- [main] o.s.b.w.s.ServletContextInitializerBeans : Mapping servlets: dispatcherServlet urls=[/]
2020-10-16 15:33:13.895 DEBUG 3976 --- [main] s.w.s.m.m.a.RequestMappingHandlerMapping : 19 mappings in 'requestMappingHandlerMapping'
2020-10-16 15:33:14.089  INFO 3976 --- [main] o.s.b.a.e.web.EndpointLinksResolver      : Exposing 2 endpoint(s) beneath base path '/actuator'
2020-10-16 15:33:14.504  INFO 3976 --- [main] pertySourcedRequestMappingHandlerMapping : Mapped URL path [/v2/api-docs] onto method [springfox.documentation.swagger2.web.Swagger2Controller#getDocumentation(String, HttpServletRequest)]
2020-10-16 15:33:14.801  INFO 3976 --- [main] o.s.s.concurrent.ThreadPoolTaskExecutor  : Initializing ExecutorService 'applicationTaskExecutor'
2020-10-16 15:33:14.859 DEBUG 3976 --- [main] s.w.s.m.m.a.RequestMappingHandlerAdapter : ControllerAdvice beans: 0 @ModelAttribute, 0 @InitBinder, 1 RequestBodyAdvice, 1 ResponseBodyAdvice
2020-10-16 15:33:15.510 DEBUG 3976 --- [main] o.s.w.s.handler.SimpleUrlHandlerMapping  : Patterns [/webjars/**, /**] in 'resourceHandlerMapping'
2020-10-16 15:33:15.544 DEBUG 3976 --- [main] .m.m.a.ExceptionHandlerExceptionResolver : ControllerAdvice beans: 1 @ExceptionHandler, 1 ResponseBodyAdvice
2020-10-16 15:33:15.940  INFO 3976 --- [main] d.s.w.p.DocumentationPluginsBootstrapper : Context refreshed
2020-10-16 15:33:16.140  INFO 3976 --- [main] d.s.w.p.DocumentationPluginsBootstrapper : Found 1 custom documentation plugin(s)
2020-10-16 15:33:16.403  INFO 3976 --- [main] s.d.s.w.s.ApiListingReferenceScanner     : Scanning for api listing references
2020-10-16 15:33:18.329  INFO 3976 --- [main] o.s.b.w.embedded.tomcat.TomcatWebServer  : Tomcat started on port(s): 9221 (http) with context path ''
2020-10-16 15:33:18.350  INFO 3976 --- [main] c.h.a.c.CustomScannersServiceApplication : Started CustomScannersServiceApplication in 24.416 seconds (JVM running for 29.204)
2020-10-16 15:33:18.756  INFO 3976 --- [http-nio-9221-exec-1] o.a.c.c.C.[Tomcat].[localhost].[/]       : Initializing Spring DispatcherServlet 'dispatcherServlet'
2020-10-16 15:33:18.768  INFO 3976 --- [http-nio-9221-exec-1] o.s.web.servlet.DispatcherServlet        : Initializing Servlet 'dispatcherServlet'
2020-10-16 15:33:18.770 DEBUG 3976 --- [http-nio-9221-exec-1] o.s.web.servlet.DispatcherServlet        : Detected StandardServletMultipartResolver
2020-10-16 15:33:18.799 DEBUG 3976 --- [http-nio-9221-exec-1] o.s.web.servlet.DispatcherServlet        : enableLoggingRequestDetails='false': request parameters and headers will be masked to prevent unsafe logging of potentially sensitive data
2020-10-16 15:33:18.800  INFO 3976 --- [http-nio-9221-exec-1] o.s.web.servlet.DispatcherServlet        : Completed initialization in 31 ms
2020-10-16 15:33:18.832 DEBUG 3976 --- [http-nio-9221-exec-1] o.s.web.servlet.DispatcherServlet        : GET "/v1/scanRules", parameters={}
2020-10-16 15:33:18.867 DEBUG 3976 --- [http-nio-9221-exec-1] s.w.s.m.m.a.RequestMappingHandlerMapping : Mapped to com.hcl.appscan.customscannersservice.controller.CustomScannersController#getScanRules(String[])
2020-10-16 15:33:19.055 DEBUG 3976 --- [http-nio-9221-exec-1] o.s.w.s.m.m.a.HttpEntityMethodProcessor  : Using 'application/json', given [application/json] and supported [application/json]
2020-10-16 15:33:19.108 DEBUG 3976 --- [http-nio-9221-exec-1] o.s.w.s.m.m.a.HttpEntityMethodProcessor  : Writing [{Golang={com.ouncelabs.languagelite.golang.rules.CommMisconfig=CustomScannersServiceScanRule{ruleNam (truncated)...]
2020-10-16 15:33:19.252 DEBUG 3976 --- [http-nio-9221-exec-1] o.s.web.servlet.DispatcherServlet        : Completed 200 OK
2020-10-16 15:36:07.694 DEBUG 3976 --- [http-nio-9221-exec-2] o.s.web.servlet.DispatcherServlet        : POST "/v1/scanFile", parameters={masked}
2020-10-16 15:36:07.706 DEBUG 3976 --- [http-nio-9221-exec-2] s.w.s.m.m.a.RequestMappingHandlerMapping : Mapped to com.hcl.appscan.customscannersservice.controller.CustomScannersController#runScanFile(MultipartFile, String, int[])
2020-10-16 15:36:07.758 DEBUG 3976 --- [http-nio-9221-exec-2] .m.m.a.ExceptionHandlerExceptionResolver : Using @ExceptionHandler com.hcl.appscan.customscannersservice.controller.CustomScannersControllerAdvice#handleInvalidArgument(IllegalArgumentException)
2020-10-16 15:36:07.766 DEBUG 3976 --- [http-nio-9221-exec-2] o.s.w.s.m.m.a.HttpEntityMethodProcessor  : Using 'application/json', given [application/json] and supported [application/json, application/*+json, application/json, application/*+json]
2020-10-16 15:36:07.767 DEBUG 3976 --- [http-nio-9221-exec-2] o.s.w.s.m.m.a.HttpEntityMethodProcessor  : Writing [com.hcl.appscan.customscannersservice.controller.CustomScannersControllerAdvice$ErrorMessage@16fb623 (truncated)...]
2020-10-16 15:36:07.772 DEBUG 3976 --- [http-nio-9221-exec-2] .m.m.a.ExceptionHandlerExceptionResolver : Resolved [java.lang.IllegalArgumentException: The following file extension is not supported: json]
2020-10-16 15:36:07.772 DEBUG 3976 --- [http-nio-9221-exec-2] o.s.web.servlet.DispatcherServlet        : Completed 422 UNPROCESSABLE_ENTITY
